<?xml version="1.0" encoding="UTF-8"?>
<testsuite xmlns:xsi="http://www.w3.org/2001/XMLSchema-instance" xsi:noNamespaceSchemaLocation="https://maven.apache.org/surefire/maven-surefire-plugin/xsd/surefire-test-report-3.0.xsd" version="3.0" name="com.test.bdd.servicetesting.testRunner.TestRunner" time="24.278" tests="0" errors="0" skipped="0" failures="0">
  <properties>
    <property name="java.specification.version" value="17"/>
    <property name="webdriver.chrome.driver" value="//usr/local//bin//chromedriver"/>
    <property name="sun.jnu.encoding" value="UTF-8"/>
    <property name="java.class.path" value="/Users/senthilkumar.n/Documents/workspace/cucumber-bdd-testscript/target/test-classes:/Users/senthilkumar.n/Documents/workspace/cucumber-bdd-testscript/target/classes:/Users/senthilkumar.n/.m2/repository/org/seleniumhq/selenium/selenium-java/4.1.3/selenium-java-4.1.3.jar:/Users/senthilkumar.n/.m2/repository/org/seleniumhq/selenium/selenium-api/4.1.3/selenium-api-4.1.3.jar:/Users/senthilkumar.n/.m2/repository/org/seleniumhq/selenium/selenium-devtools-v85/4.1.3/selenium-devtools-v85-4.1.3.jar:/Users/senthilkumar.n/.m2/repository/org/seleniumhq/selenium/selenium-devtools-v97/4.1.3/selenium-devtools-v97-4.1.3.jar:/Users/senthilkumar.n/.m2/repository/org/seleniumhq/selenium/selenium-devtools-v98/4.1.3/selenium-devtools-v98-4.1.3.jar:/Users/senthilkumar.n/.m2/repository/org/seleniumhq/selenium/selenium-devtools-v99/4.1.3/selenium-devtools-v99-4.1.3.jar:/Users/senthilkumar.n/.m2/repository/org/seleniumhq/selenium/selenium-edge-driver/4.1.3/selenium-edge-driver-4.1.3.jar:/Users/senthilkumar.n/.m2/repository/org/seleniumhq/selenium/selenium-firefox-driver/4.1.3/selenium-firefox-driver-4.1.3.jar:/Users/senthilkumar.n/.m2/repository/org/seleniumhq/selenium/selenium-ie-driver/4.1.3/selenium-ie-driver-4.1.3.jar:/Users/senthilkumar.n/.m2/repository/org/seleniumhq/selenium/selenium-opera-driver/4.1.3/selenium-opera-driver-4.1.3.jar:/Users/senthilkumar.n/.m2/repository/org/seleniumhq/selenium/selenium-remote-driver/4.1.3/selenium-remote-driver-4.1.3.jar:/Users/senthilkumar.n/.m2/repository/com/beust/jcommander/1.82/jcommander-1.82.jar:/Users/senthilkumar.n/.m2/repository/io/netty/netty-buffer/4.1.75.Final/netty-buffer-4.1.75.Final.jar:/Users/senthilkumar.n/.m2/repository/io/netty/netty-codec-http/4.1.75.Final/netty-codec-http-4.1.75.Final.jar:/Users/senthilkumar.n/.m2/repository/io/netty/netty-codec/4.1.75.Final/netty-codec-4.1.75.Final.jar:/Users/senthilkumar.n/.m2/repository/io/netty/netty-handler/4.1.75.Final/netty-handler-4.1.75.Final.jar:/Users/senthilkumar.n/.m2/repository/io/netty/netty-common/4.1.75.Final/netty-common-4.1.75.Final.jar:/Users/senthilkumar.n/.m2/repository/io/netty/netty-transport-classes-epoll/4.1.75.Final/netty-transport-classes-epoll-4.1.75.Final.jar:/Users/senthilkumar.n/.m2/repository/io/netty/netty-transport-classes-kqueue/4.1.75.Final/netty-transport-classes-kqueue-4.1.75.Final.jar:/Users/senthilkumar.n/.m2/repository/io/netty/netty-transport-native-epoll/4.1.75.Final/netty-transport-native-epoll-4.1.75.Final.jar:/Users/senthilkumar.n/.m2/repository/io/netty/netty-transport-native-kqueue/4.1.75.Final/netty-transport-native-kqueue-4.1.75.Final.jar:/Users/senthilkumar.n/.m2/repository/io/netty/netty-transport-native-unix-common/4.1.75.Final/netty-transport-native-unix-common-4.1.75.Final.jar:/Users/senthilkumar.n/.m2/repository/io/netty/netty-transport/4.1.75.Final/netty-transport-4.1.75.Final.jar:/Users/senthilkumar.n/.m2/repository/io/netty/netty-resolver/4.1.75.Final/netty-resolver-4.1.75.Final.jar:/Users/senthilkumar.n/.m2/repository/io/opentelemetry/opentelemetry-api/1.12.0/opentelemetry-api-1.12.0.jar:/Users/senthilkumar.n/.m2/repository/io/opentelemetry/opentelemetry-context/1.12.0/opentelemetry-context-1.12.0.jar:/Users/senthilkumar.n/.m2/repository/io/opentelemetry/opentelemetry-exporter-logging/1.12.0/opentelemetry-exporter-logging-1.12.0.jar:/Users/senthilkumar.n/.m2/repository/io/opentelemetry/opentelemetry-sdk-metrics/1.12.0-alpha/opentelemetry-sdk-metrics-1.12.0-alpha.jar:/Users/senthilkumar.n/.m2/repository/io/opentelemetry/opentelemetry-sdk-logs/1.12.0-alpha/opentelemetry-sdk-logs-1.12.0-alpha.jar:/Users/senthilkumar.n/.m2/repository/io/opentelemetry/opentelemetry-sdk-common/1.12.0/opentelemetry-sdk-common-1.12.0.jar:/Users/senthilkumar.n/.m2/repository/io/opentelemetry/opentelemetry-sdk-extension-autoconfigure-spi/1.12.0/opentelemetry-sdk-extension-autoconfigure-spi-1.12.0.jar:/Users/senthilkumar.n/.m2/repository/io/opentelemetry/opentelemetry-sdk-extension-autoconfigure/1.12.0-alpha/opentelemetry-sdk-extension-autoconfigure-1.12.0-alpha.jar:/Users/senthilkumar.n/.m2/repository/io/opentelemetry/opentelemetry-sdk-trace/1.12.0/opentelemetry-sdk-trace-1.12.0.jar:/Users/senthilkumar.n/.m2/repository/io/opentelemetry/opentelemetry-sdk/1.12.0/opentelemetry-sdk-1.12.0.jar:/Users/senthilkumar.n/.m2/repository/io/opentelemetry/opentelemetry-semconv/1.12.0-alpha/opentelemetry-semconv-1.12.0-alpha.jar:/Users/senthilkumar.n/.m2/repository/io/ous/jtoml/2.0.0/jtoml-2.0.0.jar:/Users/senthilkumar.n/.m2/repository/net/bytebuddy/byte-buddy/1.12.8/byte-buddy-1.12.8.jar:/Users/senthilkumar.n/.m2/repository/org/apache/commons/commons-exec/1.3/commons-exec-1.3.jar:/Users/senthilkumar.n/.m2/repository/org/asynchttpclient/async-http-client/2.12.3/async-http-client-2.12.3.jar:/Users/senthilkumar.n/.m2/repository/org/asynchttpclient/async-http-client-netty-utils/2.12.3/async-http-client-netty-utils-2.12.3.jar:/Users/senthilkumar.n/.m2/repository/io/netty/netty-codec-socks/4.1.60.Final/netty-codec-socks-4.1.60.Final.jar:/Users/senthilkumar.n/.m2/repository/io/netty/netty-handler-proxy/4.1.60.Final/netty-handler-proxy-4.1.60.Final.jar:/Users/senthilkumar.n/.m2/repository/io/netty/netty-transport-native-epoll/4.1.60.Final/netty-transport-native-epoll-4.1.60.Final-linux-x86_64.jar:/Users/senthilkumar.n/.m2/repository/io/netty/netty-transport-native-kqueue/4.1.60.Final/netty-transport-native-kqueue-4.1.60.Final-osx-x86_64.jar:/Users/senthilkumar.n/.m2/repository/org/reactivestreams/reactive-streams/1.0.3/reactive-streams-1.0.3.jar:/Users/senthilkumar.n/.m2/repository/com/typesafe/netty/netty-reactive-streams/2.0.4/netty-reactive-streams-2.0.4.jar:/Users/senthilkumar.n/.m2/repository/com/sun/activation/jakarta.activation/1.2.2/jakarta.activation-1.2.2.jar:/Users/senthilkumar.n/.m2/repository/org/seleniumhq/selenium/selenium-http/4.1.3/selenium-http-4.1.3.jar:/Users/senthilkumar.n/.m2/repository/dev/failsafe/failsafe/3.2.3/failsafe-3.2.3.jar:/Users/senthilkumar.n/.m2/repository/org/seleniumhq/selenium/selenium-safari-driver/4.1.3/selenium-safari-driver-4.1.3.jar:/Users/senthilkumar.n/.m2/repository/org/seleniumhq/selenium/selenium-support/4.1.3/selenium-support-4.1.3.jar:/Users/senthilkumar.n/.m2/repository/org/seleniumhq/selenium/selenium-chrome-driver/4.1.3/selenium-chrome-driver-4.1.3.jar:/Users/senthilkumar.n/.m2/repository/com/google/auto/service/auto-service-annotations/1.0.1/auto-service-annotations-1.0.1.jar:/Users/senthilkumar.n/.m2/repository/com/google/auto/service/auto-service/1.0.1/auto-service-1.0.1.jar:/Users/senthilkumar.n/.m2/repository/com/google/auto/auto-common/1.2/auto-common-1.2.jar:/Users/senthilkumar.n/.m2/repository/com/google/guava/guava/31.1-jre/guava-31.1-jre.jar:/Users/senthilkumar.n/.m2/repository/com/google/guava/failureaccess/1.0.1/failureaccess-1.0.1.jar:/Users/senthilkumar.n/.m2/repository/com/google/guava/listenablefuture/9999.0-empty-to-avoid-conflict-with-guava/listenablefuture-9999.0-empty-to-avoid-conflict-with-guava.jar:/Users/senthilkumar.n/.m2/repository/com/google/code/findbugs/jsr305/3.0.2/jsr305-3.0.2.jar:/Users/senthilkumar.n/.m2/repository/org/checkerframework/checker-qual/3.12.0/checker-qual-3.12.0.jar:/Users/senthilkumar.n/.m2/repository/com/google/errorprone/error_prone_annotations/2.11.0/error_prone_annotations-2.11.0.jar:/Users/senthilkumar.n/.m2/repository/com/google/j2objc/j2objc-annotations/1.3/j2objc-annotations-1.3.jar:/Users/senthilkumar.n/.m2/repository/org/seleniumhq/selenium/selenium-chromium-driver/4.1.3/selenium-chromium-driver-4.1.3.jar:/Users/senthilkumar.n/.m2/repository/org/seleniumhq/selenium/selenium-json/4.1.3/selenium-json-4.1.3.jar:/Users/senthilkumar.n/.m2/repository/com/amazonaws/aws-java-sdk-s3/1.12.187/aws-java-sdk-s3-1.12.187.jar:/Users/senthilkumar.n/.m2/repository/com/amazonaws/aws-java-sdk-kms/1.12.187/aws-java-sdk-kms-1.12.187.jar:/Users/senthilkumar.n/.m2/repository/com/amazonaws/jmespath-java/1.12.187/jmespath-java-1.12.187.jar:/Users/senthilkumar.n/.m2/repository/com/amazonaws/aws-java-sdk-secretsmanager/1.12.187/aws-java-sdk-secretsmanager-1.12.187.jar:/Users/senthilkumar.n/.m2/repository/com/amazonaws/aws-java-sdk-core/1.12.187/aws-java-sdk-core-1.12.187.jar:/Users/senthilkumar.n/.m2/repository/commons-logging/commons-logging/1.1.3/commons-logging-1.1.3.jar:/Users/senthilkumar.n/.m2/repository/commons-codec/commons-codec/1.15/commons-codec-1.15.jar:/Users/senthilkumar.n/.m2/repository/org/apache/httpcomponents/httpclient/4.5.13/httpclient-4.5.13.jar:/Users/senthilkumar.n/.m2/repository/org/apache/httpcomponents/httpcore/4.4.13/httpcore-4.4.13.jar:/Users/senthilkumar.n/.m2/repository/software/amazon/ion/ion-java/1.0.2/ion-java-1.0.2.jar:/Users/senthilkumar.n/.m2/repository/com/fasterxml/jackson/core/jackson-databind/2.12.6.1/jackson-databind-2.12.6.1.jar:/Users/senthilkumar.n/.m2/repository/com/fasterxml/jackson/core/jackson-annotations/2.12.6/jackson-annotations-2.12.6.jar:/Users/senthilkumar.n/.m2/repository/com/fasterxml/jackson/core/jackson-core/2.12.6/jackson-core-2.12.6.jar:/Users/senthilkumar.n/.m2/repository/com/fasterxml/jackson/dataformat/jackson-dataformat-cbor/2.12.6/jackson-dataformat-cbor-2.12.6.jar:/Users/senthilkumar.n/.m2/repository/joda-time/joda-time/2.8.1/joda-time-2.8.1.jar:/Users/senthilkumar.n/.m2/repository/ru/yandex/qatools/allure/allure-cucumber-jvm-adaptor/1.6.4/allure-cucumber-jvm-adaptor-1.6.4.jar:/Users/senthilkumar.n/.m2/repository/ru/yandex/qatools/allure/allure-java-aspects/1.5.2/allure-java-aspects-1.5.2.jar:/Users/senthilkumar.n/.m2/repository/ru/yandex/qatools/allure/allure-java-adaptor-api/1.5.2/allure-java-adaptor-api-1.5.2.jar:/Users/senthilkumar.n/.m2/repository/ru/yandex/qatools/allure/allure-java-annotations/1.5.2/allure-java-annotations-1.5.2.jar:/Users/senthilkumar.n/.m2/repository/org/apache/tika/tika-core/1.7/tika-core-1.7.jar:/Users/senthilkumar.n/.m2/repository/org/aspectj/aspectjrt/1.8.3/aspectjrt-1.8.3.jar:/Users/senthilkumar.n/.m2/repository/ru/yandex/qatools/allure/allure-commons/1.5.2/allure-commons-1.5.2.jar:/Users/senthilkumar.n/.m2/repository/ru/yandex/qatools/allure/allure-model/1.5.2/allure-model-1.5.2.jar:/Users/senthilkumar.n/.m2/repository/org/jvnet/jaxb2_commons/jaxb2-basics-runtime/0.9.3/jaxb2-basics-runtime-0.9.3.jar:/Users/senthilkumar.n/.m2/repository/ru/qatools/commons/properties/2.0.RC5/properties-2.0.RC5.jar:/Users/senthilkumar.n/.m2/repository/info/cukes/cucumber-junit/1.2.5/cucumber-junit-1.2.5.jar:/Users/senthilkumar.n/.m2/repository/info/cukes/cucumber-core/1.2.5/cucumber-core-1.2.5.jar:/Users/senthilkumar.n/.m2/repository/info/cukes/cucumber-html/0.2.3/cucumber-html-0.2.3.jar:/Users/senthilkumar.n/.m2/repository/info/cukes/cucumber-jvm-deps/1.0.5/cucumber-jvm-deps-1.0.5.jar:/Users/senthilkumar.n/.m2/repository/info/cukes/cucumber-java/1.2.5/cucumber-java-1.2.5.jar:/Users/senthilkumar.n/.m2/repository/org/apache/commons/commons-lang3/3.3.2/commons-lang3-3.3.2.jar:/Users/senthilkumar.n/.m2/repository/info/cukes/gherkin/2.12.2/gherkin-2.12.2.jar:/Users/senthilkumar.n/.m2/repository/commons-logging/commons-logging-api/1.1/commons-logging-api-1.1.jar:/Users/senthilkumar.n/.m2/repository/commons-io/commons-io/2.11.0/commons-io-2.11.0.jar:/Users/senthilkumar.n/.m2/repository/io/cucumber/cucumber-java/7.2.3/cucumber-java-7.2.3.jar:/Users/senthilkumar.n/.m2/repository/org/apiguardian/apiguardian-api/1.1.2/apiguardian-api-1.1.2.jar:/Users/senthilkumar.n/.m2/repository/io/cucumber/cucumber-junit/7.2.3/cucumber-junit-7.2.3.jar:/Users/senthilkumar.n/.m2/repository/io/cucumber/cucumber-core/7.2.3/cucumber-core-7.2.3.jar:/Users/senthilkumar.n/.m2/repository/io/cucumber/cucumber-gherkin/7.2.3/cucumber-gherkin-7.2.3.jar:/Users/senthilkumar.n/.m2/repository/io/cucumber/cucumber-gherkin-messages/7.2.3/cucumber-gherkin-messages-7.2.3.jar:/Users/senthilkumar.n/.m2/repository/io/cucumber/messages/17.1.1/messages-17.1.1.jar:/Users/senthilkumar.n/.m2/repository/io/cucumber/tag-expressions/4.1.0/tag-expressions-4.1.0.jar:/Users/senthilkumar.n/.m2/repository/io/cucumber/cucumber-expressions/15.0.1/cucumber-expressions-15.0.1.jar:/Users/senthilkumar.n/.m2/repository/io/cucumber/cucumber-plugin/7.2.3/cucumber-plugin-7.2.3.jar:/Users/senthilkumar.n/.m2/repository/io/cucumber/docstring/7.2.3/docstring-7.2.3.jar:/Users/senthilkumar.n/.m2/repository/io/cucumber/html-formatter/17.0.0/html-formatter-17.0.0.jar:/Users/senthilkumar.n/.m2/repository/io/cucumber/ci-environment/8.1.0/ci-environment-8.1.0.jar:/Users/senthilkumar.n/.m2/repository/junit/junit/4.13.2/junit-4.13.2.jar:/Users/senthilkumar.n/.m2/repository/org/hamcrest/hamcrest-core/1.3/hamcrest-core-1.3.jar:/Users/senthilkumar.n/.m2/repository/io/github/bonigarcia/webdrivermanager/3.8.1/webdrivermanager-3.8.1.jar:/Users/senthilkumar.n/.m2/repository/org/slf4j/slf4j-api/1.7.25/slf4j-api-1.7.25.jar:/Users/senthilkumar.n/.m2/repository/com/google/code/gson/gson/2.8.5/gson-2.8.5.jar:/Users/senthilkumar.n/.m2/repository/org/rauschig/jarchivelib/1.0.0/jarchivelib-1.0.0.jar:/Users/senthilkumar.n/.m2/repository/org/jsoup/jsoup/1.11.3/jsoup-1.11.3.jar:/Users/senthilkumar.n/.m2/repository/io/cucumber/datatable/7.2.3/datatable-7.2.3.jar:/Users/senthilkumar.n/.m2/repository/io/cucumber/cucumber-testng/7.2.3/cucumber-testng-7.2.3.jar:/Users/senthilkumar.n/.m2/repository/org/testng/testng/7.4.0/testng-7.4.0.jar:/Users/senthilkumar.n/.m2/repository/org/webjars/jquery/3.5.1/jquery-3.5.1.jar:/Users/senthilkumar.n/.m2/repository/io/cucumber/cucumber-picocontainer/7.2.3/cucumber-picocontainer-7.2.3.jar:/Users/senthilkumar.n/.m2/repository/org/picocontainer/picocontainer/2.15/picocontainer-2.15.jar:/Users/senthilkumar.n/.m2/repository/net/masterthought/cucumber-reporting/5.7.0/cucumber-reporting-5.7.0.jar:/Users/senthilkumar.n/.m2/repository/com/fasterxml/jackson/datatype/jackson-datatype-jsr310/2.13.0/jackson-datatype-jsr310-2.13.0.jar:/Users/senthilkumar.n/.m2/repository/org/apache/velocity/velocity-engine-core/2.3/velocity-engine-core-2.3.jar:/Users/senthilkumar.n/.m2/repository/commons-collections/commons-collections/3.2.2/commons-collections-3.2.2.jar:/Users/senthilkumar.n/.m2/repository/org/codehaus/plexus/plexus-utils/3.3.0/plexus-utils-3.3.0.jar:/Users/senthilkumar.n/.m2/repository/com/googlecode/owasp-java-html-sanitizer/owasp-java-html-sanitizer/20211018.2/owasp-java-html-sanitizer-20211018.2.jar:/Users/senthilkumar.n/.m2/repository/commons-configuration/commons-configuration/1.10/commons-configuration-1.10.jar:/Users/senthilkumar.n/.m2/repository/commons-lang/commons-lang/2.6/commons-lang-2.6.jar:/Users/senthilkumar.n/.m2/repository/org/apache/logging/log4j/log4j-core/2.17.2/log4j-core-2.17.2.jar:/Users/senthilkumar.n/.m2/repository/org/apache/logging/log4j/log4j-api/2.17.2/log4j-api-2.17.2.jar:/Users/senthilkumar.n/.m2/repository/org/apache/maven/maven-plugin-api/3.8.4/maven-plugin-api-3.8.4.jar:/Users/senthilkumar.n/.m2/repository/org/apache/maven/maven-model/3.8.4/maven-model-3.8.4.jar:/Users/senthilkumar.n/.m2/repository/org/apache/maven/maven-artifact/3.8.4/maven-artifact-3.8.4.jar:/Users/senthilkumar.n/.m2/repository/org/eclipse/sisu/org.eclipse.sisu.plexus/0.3.5/org.eclipse.sisu.plexus-0.3.5.jar:/Users/senthilkumar.n/.m2/repository/javax/annotation/javax.annotation-api/1.2/javax.annotation-api-1.2.jar:/Users/senthilkumar.n/.m2/repository/org/eclipse/sisu/org.eclipse.sisu.inject/0.3.5/org.eclipse.sisu.inject-0.3.5.jar:/Users/senthilkumar.n/.m2/repository/org/codehaus/plexus/plexus-component-annotations/1.5.5/plexus-component-annotations-1.5.5.jar:/Users/senthilkumar.n/.m2/repository/org/codehaus/plexus/plexus-classworlds/2.6.0/plexus-classworlds-2.6.0.jar:/Users/senthilkumar.n/.m2/repository/org/apache/poi/poi/5.2.2/poi-5.2.2.jar:/Users/senthilkumar.n/.m2/repository/org/apache/commons/commons-collections4/4.4/commons-collections4-4.4.jar:/Users/senthilkumar.n/.m2/repository/org/apache/commons/commons-math3/3.6.1/commons-math3-3.6.1.jar:/Users/senthilkumar.n/.m2/repository/com/zaxxer/SparseBitSet/1.2/SparseBitSet-1.2.jar:/Users/senthilkumar.n/.m2/repository/org/apache/poi/poi-ooxml/5.2.2/poi-ooxml-5.2.2.jar:/Users/senthilkumar.n/.m2/repository/org/apache/poi/poi-ooxml-lite/5.2.2/poi-ooxml-lite-5.2.2.jar:/Users/senthilkumar.n/.m2/repository/org/apache/xmlbeans/xmlbeans/5.0.3/xmlbeans-5.0.3.jar:/Users/senthilkumar.n/.m2/repository/org/apache/commons/commons-compress/1.21/commons-compress-1.21.jar:/Users/senthilkumar.n/.m2/repository/com/github/virtuald/curvesapi/1.07/curvesapi-1.07.jar:/Users/senthilkumar.n/.m2/repository/com/jcraft/jsch/0.1.55/jsch-0.1.55.jar:/Users/senthilkumar.n/.m2/repository/com/legsem/legstar/legstar-base/2.0.4/legstar-base-2.0.4.jar:/Users/senthilkumar.n/.m2/repository/org/slf4j/slf4j-log4j12/1.7.2/slf4j-log4j12-1.7.2.jar:/Users/senthilkumar.n/.m2/repository/log4j/log4j/1.2.17/log4j-1.2.17.jar:/Users/senthilkumar.n/.m2/repository/com/legsem/legstar/legstar-coxbapi/1.5.8/legstar-coxbapi-1.5.8.jar:/Users/senthilkumar.n/.m2/repository/org/codehaus/jackson/jackson-xc/1.6.0/jackson-xc-1.6.0.jar:/Users/senthilkumar.n/.m2/repository/org/codehaus/jackson/jackson-core-asl/1.6.0/jackson-core-asl-1.6.0.jar:/Users/senthilkumar.n/.m2/repository/org/codehaus/jackson/jackson-mapper-asl/1.6.0/jackson-mapper-asl-1.6.0.jar:/Users/senthilkumar.n/.m2/repository/javax/xml/bind/jaxb-api/2.1/jaxb-api-2.1.jar:/Users/senthilkumar.n/.m2/repository/javax/xml/stream/stax-api/1.0-2/stax-api-1.0-2.jar:/Users/senthilkumar.n/.m2/repository/javax/activation/activation/1.1/activation-1.1.jar:/Users/senthilkumar.n/.m2/repository/com/legsem/legstar/legstar-coxbrt/1.5.8/legstar-coxbrt-1.5.8.jar:/Users/senthilkumar.n/.m2/repository/com/legsem/legstar/legstar-jaxbgen/1.6.0/legstar-jaxbgen-1.6.0.jar:/Users/senthilkumar.n/.m2/repository/com/legsem/legstar/legstar-codegen/1.6.0/legstar-codegen-1.6.0.jar:/Users/senthilkumar.n/.m2/repository/org/apache/velocity/velocity/1.6.3/velocity-1.6.3.jar:/Users/senthilkumar.n/.m2/repository/oro/oro/2.0.8/oro-2.0.8.jar:/Users/senthilkumar.n/.m2/repository/com/sun/xml/bind/jaxb-xjc/2.1.7/jaxb-xjc-2.1.7.jar:/Users/senthilkumar.n/.m2/repository/com/sun/xml/bind/jaxb-impl/2.1.7/jaxb-impl-2.1.7.jar:/Users/senthilkumar.n/.m2/repository/org/apache/ws/commons/schema/XmlSchema/1.4.7/XmlSchema-1.4.7.jar:/Users/senthilkumar.n/.m2/repository/org/projectlombok/lombok/1.18.22/lombok-1.18.22.jar:/Users/senthilkumar.n/.m2/repository/com/opencsv/opencsv/4.1/opencsv-4.1.jar:/Users/senthilkumar.n/.m2/repository/org/apache/commons/commons-text/1.1/commons-text-1.1.jar:/Users/senthilkumar.n/.m2/repository/commons-beanutils/commons-beanutils/1.9.3/commons-beanutils-1.9.3.jar:/Users/senthilkumar.n/.m2/repository/org/springframework/spring-core/5.2.4.RELEASE/spring-core-5.2.4.RELEASE.jar:/Users/senthilkumar.n/.m2/repository/org/springframework/spring-jcl/5.2.4.RELEASE/spring-jcl-5.2.4.RELEASE.jar:/Users/senthilkumar.n/.m2/repository/com/amazonaws/aws-java-sdk-dynamodb/1.11.106/aws-java-sdk-dynamodb-1.11.106.jar:"/>
    <property name="java.vm.vendor" value="Oracle Corporation"/>
    <property name="sun.arch.data.model" value="64"/>
    <property name="java.vendor.url" value="https://java.oracle.com/"/>
    <property name="user.timezone" value="Europe/London"/>
    <property name="os.name" value="Mac OS X"/>
    <property name="java.vm.specification.version" value="17"/>
    <property name="sun.java.launcher" value="SUN_STANDARD"/>
    <property name="user.country" value="GB"/>
    <property name="sun.boot.library.path" value="/Library/Java/JavaVirtualMachines/jdk-17.0.2.jdk/Contents/Home/lib"/>
    <property name="sun.java.command" value="/Users/senthilkumar.n/Documents/workspace/cucumber-bdd-testscript/target/surefire/surefirebooter14374994427294847451.jar /Users/senthilkumar.n/Documents/workspace/cucumber-bdd-testscript/target/surefire 2022-04-09T20-29-35_163-jvmRun1 surefire9463951969519855958tmp surefire_013957311867273901057tmp"/>
    <property name="jdk.debug" value="release"/>
    <property name="surefire.test.class.path" value="/Users/senthilkumar.n/Documents/workspace/cucumber-bdd-testscript/target/test-classes:/Users/senthilkumar.n/Documents/workspace/cucumber-bdd-testscript/target/classes:/Users/senthilkumar.n/.m2/repository/org/seleniumhq/selenium/selenium-java/4.1.3/selenium-java-4.1.3.jar:/Users/senthilkumar.n/.m2/repository/org/seleniumhq/selenium/selenium-api/4.1.3/selenium-api-4.1.3.jar:/Users/senthilkumar.n/.m2/repository/org/seleniumhq/selenium/selenium-devtools-v85/4.1.3/selenium-devtools-v85-4.1.3.jar:/Users/senthilkumar.n/.m2/repository/org/seleniumhq/selenium/selenium-devtools-v97/4.1.3/selenium-devtools-v97-4.1.3.jar:/Users/senthilkumar.n/.m2/repository/org/seleniumhq/selenium/selenium-devtools-v98/4.1.3/selenium-devtools-v98-4.1.3.jar:/Users/senthilkumar.n/.m2/repository/org/seleniumhq/selenium/selenium-devtools-v99/4.1.3/selenium-devtools-v99-4.1.3.jar:/Users/senthilkumar.n/.m2/repository/org/seleniumhq/selenium/selenium-edge-driver/4.1.3/selenium-edge-driver-4.1.3.jar:/Users/senthilkumar.n/.m2/repository/org/seleniumhq/selenium/selenium-firefox-driver/4.1.3/selenium-firefox-driver-4.1.3.jar:/Users/senthilkumar.n/.m2/repository/org/seleniumhq/selenium/selenium-ie-driver/4.1.3/selenium-ie-driver-4.1.3.jar:/Users/senthilkumar.n/.m2/repository/org/seleniumhq/selenium/selenium-opera-driver/4.1.3/selenium-opera-driver-4.1.3.jar:/Users/senthilkumar.n/.m2/repository/org/seleniumhq/selenium/selenium-remote-driver/4.1.3/selenium-remote-driver-4.1.3.jar:/Users/senthilkumar.n/.m2/repository/com/beust/jcommander/1.82/jcommander-1.82.jar:/Users/senthilkumar.n/.m2/repository/io/netty/netty-buffer/4.1.75.Final/netty-buffer-4.1.75.Final.jar:/Users/senthilkumar.n/.m2/repository/io/netty/netty-codec-http/4.1.75.Final/netty-codec-http-4.1.75.Final.jar:/Users/senthilkumar.n/.m2/repository/io/netty/netty-codec/4.1.75.Final/netty-codec-4.1.75.Final.jar:/Users/senthilkumar.n/.m2/repository/io/netty/netty-handler/4.1.75.Final/netty-handler-4.1.75.Final.jar:/Users/senthilkumar.n/.m2/repository/io/netty/netty-common/4.1.75.Final/netty-common-4.1.75.Final.jar:/Users/senthilkumar.n/.m2/repository/io/netty/netty-transport-classes-epoll/4.1.75.Final/netty-transport-classes-epoll-4.1.75.Final.jar:/Users/senthilkumar.n/.m2/repository/io/netty/netty-transport-classes-kqueue/4.1.75.Final/netty-transport-classes-kqueue-4.1.75.Final.jar:/Users/senthilkumar.n/.m2/repository/io/netty/netty-transport-native-epoll/4.1.75.Final/netty-transport-native-epoll-4.1.75.Final.jar:/Users/senthilkumar.n/.m2/repository/io/netty/netty-transport-native-kqueue/4.1.75.Final/netty-transport-native-kqueue-4.1.75.Final.jar:/Users/senthilkumar.n/.m2/repository/io/netty/netty-transport-native-unix-common/4.1.75.Final/netty-transport-native-unix-common-4.1.75.Final.jar:/Users/senthilkumar.n/.m2/repository/io/netty/netty-transport/4.1.75.Final/netty-transport-4.1.75.Final.jar:/Users/senthilkumar.n/.m2/repository/io/netty/netty-resolver/4.1.75.Final/netty-resolver-4.1.75.Final.jar:/Users/senthilkumar.n/.m2/repository/io/opentelemetry/opentelemetry-api/1.12.0/opentelemetry-api-1.12.0.jar:/Users/senthilkumar.n/.m2/repository/io/opentelemetry/opentelemetry-context/1.12.0/opentelemetry-context-1.12.0.jar:/Users/senthilkumar.n/.m2/repository/io/opentelemetry/opentelemetry-exporter-logging/1.12.0/opentelemetry-exporter-logging-1.12.0.jar:/Users/senthilkumar.n/.m2/repository/io/opentelemetry/opentelemetry-sdk-metrics/1.12.0-alpha/opentelemetry-sdk-metrics-1.12.0-alpha.jar:/Users/senthilkumar.n/.m2/repository/io/opentelemetry/opentelemetry-sdk-logs/1.12.0-alpha/opentelemetry-sdk-logs-1.12.0-alpha.jar:/Users/senthilkumar.n/.m2/repository/io/opentelemetry/opentelemetry-sdk-common/1.12.0/opentelemetry-sdk-common-1.12.0.jar:/Users/senthilkumar.n/.m2/repository/io/opentelemetry/opentelemetry-sdk-extension-autoconfigure-spi/1.12.0/opentelemetry-sdk-extension-autoconfigure-spi-1.12.0.jar:/Users/senthilkumar.n/.m2/repository/io/opentelemetry/opentelemetry-sdk-extension-autoconfigure/1.12.0-alpha/opentelemetry-sdk-extension-autoconfigure-1.12.0-alpha.jar:/Users/senthilkumar.n/.m2/repository/io/opentelemetry/opentelemetry-sdk-trace/1.12.0/opentelemetry-sdk-trace-1.12.0.jar:/Users/senthilkumar.n/.m2/repository/io/opentelemetry/opentelemetry-sdk/1.12.0/opentelemetry-sdk-1.12.0.jar:/Users/senthilkumar.n/.m2/repository/io/opentelemetry/opentelemetry-semconv/1.12.0-alpha/opentelemetry-semconv-1.12.0-alpha.jar:/Users/senthilkumar.n/.m2/repository/io/ous/jtoml/2.0.0/jtoml-2.0.0.jar:/Users/senthilkumar.n/.m2/repository/net/bytebuddy/byte-buddy/1.12.8/byte-buddy-1.12.8.jar:/Users/senthilkumar.n/.m2/repository/org/apache/commons/commons-exec/1.3/commons-exec-1.3.jar:/Users/senthilkumar.n/.m2/repository/org/asynchttpclient/async-http-client/2.12.3/async-http-client-2.12.3.jar:/Users/senthilkumar.n/.m2/repository/org/asynchttpclient/async-http-client-netty-utils/2.12.3/async-http-client-netty-utils-2.12.3.jar:/Users/senthilkumar.n/.m2/repository/io/netty/netty-codec-socks/4.1.60.Final/netty-codec-socks-4.1.60.Final.jar:/Users/senthilkumar.n/.m2/repository/io/netty/netty-handler-proxy/4.1.60.Final/netty-handler-proxy-4.1.60.Final.jar:/Users/senthilkumar.n/.m2/repository/io/netty/netty-transport-native-epoll/4.1.60.Final/netty-transport-native-epoll-4.1.60.Final-linux-x86_64.jar:/Users/senthilkumar.n/.m2/repository/io/netty/netty-transport-native-kqueue/4.1.60.Final/netty-transport-native-kqueue-4.1.60.Final-osx-x86_64.jar:/Users/senthilkumar.n/.m2/repository/org/reactivestreams/reactive-streams/1.0.3/reactive-streams-1.0.3.jar:/Users/senthilkumar.n/.m2/repository/com/typesafe/netty/netty-reactive-streams/2.0.4/netty-reactive-streams-2.0.4.jar:/Users/senthilkumar.n/.m2/repository/com/sun/activation/jakarta.activation/1.2.2/jakarta.activation-1.2.2.jar:/Users/senthilkumar.n/.m2/repository/org/seleniumhq/selenium/selenium-http/4.1.3/selenium-http-4.1.3.jar:/Users/senthilkumar.n/.m2/repository/dev/failsafe/failsafe/3.2.3/failsafe-3.2.3.jar:/Users/senthilkumar.n/.m2/repository/org/seleniumhq/selenium/selenium-safari-driver/4.1.3/selenium-safari-driver-4.1.3.jar:/Users/senthilkumar.n/.m2/repository/org/seleniumhq/selenium/selenium-support/4.1.3/selenium-support-4.1.3.jar:/Users/senthilkumar.n/.m2/repository/org/seleniumhq/selenium/selenium-chrome-driver/4.1.3/selenium-chrome-driver-4.1.3.jar:/Users/senthilkumar.n/.m2/repository/com/google/auto/service/auto-service-annotations/1.0.1/auto-service-annotations-1.0.1.jar:/Users/senthilkumar.n/.m2/repository/com/google/auto/service/auto-service/1.0.1/auto-service-1.0.1.jar:/Users/senthilkumar.n/.m2/repository/com/google/auto/auto-common/1.2/auto-common-1.2.jar:/Users/senthilkumar.n/.m2/repository/com/google/guava/guava/31.1-jre/guava-31.1-jre.jar:/Users/senthilkumar.n/.m2/repository/com/google/guava/failureaccess/1.0.1/failureaccess-1.0.1.jar:/Users/senthilkumar.n/.m2/repository/com/google/guava/listenablefuture/9999.0-empty-to-avoid-conflict-with-guava/listenablefuture-9999.0-empty-to-avoid-conflict-with-guava.jar:/Users/senthilkumar.n/.m2/repository/com/google/code/findbugs/jsr305/3.0.2/jsr305-3.0.2.jar:/Users/senthilkumar.n/.m2/repository/org/checkerframework/checker-qual/3.12.0/checker-qual-3.12.0.jar:/Users/senthilkumar.n/.m2/repository/com/google/errorprone/error_prone_annotations/2.11.0/error_prone_annotations-2.11.0.jar:/Users/senthilkumar.n/.m2/repository/com/google/j2objc/j2objc-annotations/1.3/j2objc-annotations-1.3.jar:/Users/senthilkumar.n/.m2/repository/org/seleniumhq/selenium/selenium-chromium-driver/4.1.3/selenium-chromium-driver-4.1.3.jar:/Users/senthilkumar.n/.m2/repository/org/seleniumhq/selenium/selenium-json/4.1.3/selenium-json-4.1.3.jar:/Users/senthilkumar.n/.m2/repository/com/amazonaws/aws-java-sdk-s3/1.12.187/aws-java-sdk-s3-1.12.187.jar:/Users/senthilkumar.n/.m2/repository/com/amazonaws/aws-java-sdk-kms/1.12.187/aws-java-sdk-kms-1.12.187.jar:/Users/senthilkumar.n/.m2/repository/com/amazonaws/jmespath-java/1.12.187/jmespath-java-1.12.187.jar:/Users/senthilkumar.n/.m2/repository/com/amazonaws/aws-java-sdk-secretsmanager/1.12.187/aws-java-sdk-secretsmanager-1.12.187.jar:/Users/senthilkumar.n/.m2/repository/com/amazonaws/aws-java-sdk-core/1.12.187/aws-java-sdk-core-1.12.187.jar:/Users/senthilkumar.n/.m2/repository/commons-logging/commons-logging/1.1.3/commons-logging-1.1.3.jar:/Users/senthilkumar.n/.m2/repository/commons-codec/commons-codec/1.15/commons-codec-1.15.jar:/Users/senthilkumar.n/.m2/repository/org/apache/httpcomponents/httpclient/4.5.13/httpclient-4.5.13.jar:/Users/senthilkumar.n/.m2/repository/org/apache/httpcomponents/httpcore/4.4.13/httpcore-4.4.13.jar:/Users/senthilkumar.n/.m2/repository/software/amazon/ion/ion-java/1.0.2/ion-java-1.0.2.jar:/Users/senthilkumar.n/.m2/repository/com/fasterxml/jackson/core/jackson-databind/2.12.6.1/jackson-databind-2.12.6.1.jar:/Users/senthilkumar.n/.m2/repository/com/fasterxml/jackson/core/jackson-annotations/2.12.6/jackson-annotations-2.12.6.jar:/Users/senthilkumar.n/.m2/repository/com/fasterxml/jackson/core/jackson-core/2.12.6/jackson-core-2.12.6.jar:/Users/senthilkumar.n/.m2/repository/com/fasterxml/jackson/dataformat/jackson-dataformat-cbor/2.12.6/jackson-dataformat-cbor-2.12.6.jar:/Users/senthilkumar.n/.m2/repository/joda-time/joda-time/2.8.1/joda-time-2.8.1.jar:/Users/senthilkumar.n/.m2/repository/ru/yandex/qatools/allure/allure-cucumber-jvm-adaptor/1.6.4/allure-cucumber-jvm-adaptor-1.6.4.jar:/Users/senthilkumar.n/.m2/repository/ru/yandex/qatools/allure/allure-java-aspects/1.5.2/allure-java-aspects-1.5.2.jar:/Users/senthilkumar.n/.m2/repository/ru/yandex/qatools/allure/allure-java-adaptor-api/1.5.2/allure-java-adaptor-api-1.5.2.jar:/Users/senthilkumar.n/.m2/repository/ru/yandex/qatools/allure/allure-java-annotations/1.5.2/allure-java-annotations-1.5.2.jar:/Users/senthilkumar.n/.m2/repository/org/apache/tika/tika-core/1.7/tika-core-1.7.jar:/Users/senthilkumar.n/.m2/repository/org/aspectj/aspectjrt/1.8.3/aspectjrt-1.8.3.jar:/Users/senthilkumar.n/.m2/repository/ru/yandex/qatools/allure/allure-commons/1.5.2/allure-commons-1.5.2.jar:/Users/senthilkumar.n/.m2/repository/ru/yandex/qatools/allure/allure-model/1.5.2/allure-model-1.5.2.jar:/Users/senthilkumar.n/.m2/repository/org/jvnet/jaxb2_commons/jaxb2-basics-runtime/0.9.3/jaxb2-basics-runtime-0.9.3.jar:/Users/senthilkumar.n/.m2/repository/ru/qatools/commons/properties/2.0.RC5/properties-2.0.RC5.jar:/Users/senthilkumar.n/.m2/repository/info/cukes/cucumber-junit/1.2.5/cucumber-junit-1.2.5.jar:/Users/senthilkumar.n/.m2/repository/info/cukes/cucumber-core/1.2.5/cucumber-core-1.2.5.jar:/Users/senthilkumar.n/.m2/repository/info/cukes/cucumber-html/0.2.3/cucumber-html-0.2.3.jar:/Users/senthilkumar.n/.m2/repository/info/cukes/cucumber-jvm-deps/1.0.5/cucumber-jvm-deps-1.0.5.jar:/Users/senthilkumar.n/.m2/repository/info/cukes/cucumber-java/1.2.5/cucumber-java-1.2.5.jar:/Users/senthilkumar.n/.m2/repository/org/apache/commons/commons-lang3/3.3.2/commons-lang3-3.3.2.jar:/Users/senthilkumar.n/.m2/repository/info/cukes/gherkin/2.12.2/gherkin-2.12.2.jar:/Users/senthilkumar.n/.m2/repository/commons-logging/commons-logging-api/1.1/commons-logging-api-1.1.jar:/Users/senthilkumar.n/.m2/repository/commons-io/commons-io/2.11.0/commons-io-2.11.0.jar:/Users/senthilkumar.n/.m2/repository/io/cucumber/cucumber-java/7.2.3/cucumber-java-7.2.3.jar:/Users/senthilkumar.n/.m2/repository/org/apiguardian/apiguardian-api/1.1.2/apiguardian-api-1.1.2.jar:/Users/senthilkumar.n/.m2/repository/io/cucumber/cucumber-junit/7.2.3/cucumber-junit-7.2.3.jar:/Users/senthilkumar.n/.m2/repository/io/cucumber/cucumber-core/7.2.3/cucumber-core-7.2.3.jar:/Users/senthilkumar.n/.m2/repository/io/cucumber/cucumber-gherkin/7.2.3/cucumber-gherkin-7.2.3.jar:/Users/senthilkumar.n/.m2/repository/io/cucumber/cucumber-gherkin-messages/7.2.3/cucumber-gherkin-messages-7.2.3.jar:/Users/senthilkumar.n/.m2/repository/io/cucumber/messages/17.1.1/messages-17.1.1.jar:/Users/senthilkumar.n/.m2/repository/io/cucumber/tag-expressions/4.1.0/tag-expressions-4.1.0.jar:/Users/senthilkumar.n/.m2/repository/io/cucumber/cucumber-expressions/15.0.1/cucumber-expressions-15.0.1.jar:/Users/senthilkumar.n/.m2/repository/io/cucumber/cucumber-plugin/7.2.3/cucumber-plugin-7.2.3.jar:/Users/senthilkumar.n/.m2/repository/io/cucumber/docstring/7.2.3/docstring-7.2.3.jar:/Users/senthilkumar.n/.m2/repository/io/cucumber/html-formatter/17.0.0/html-formatter-17.0.0.jar:/Users/senthilkumar.n/.m2/repository/io/cucumber/ci-environment/8.1.0/ci-environment-8.1.0.jar:/Users/senthilkumar.n/.m2/repository/junit/junit/4.13.2/junit-4.13.2.jar:/Users/senthilkumar.n/.m2/repository/org/hamcrest/hamcrest-core/1.3/hamcrest-core-1.3.jar:/Users/senthilkumar.n/.m2/repository/io/github/bonigarcia/webdrivermanager/3.8.1/webdrivermanager-3.8.1.jar:/Users/senthilkumar.n/.m2/repository/org/slf4j/slf4j-api/1.7.25/slf4j-api-1.7.25.jar:/Users/senthilkumar.n/.m2/repository/com/google/code/gson/gson/2.8.5/gson-2.8.5.jar:/Users/senthilkumar.n/.m2/repository/org/rauschig/jarchivelib/1.0.0/jarchivelib-1.0.0.jar:/Users/senthilkumar.n/.m2/repository/org/jsoup/jsoup/1.11.3/jsoup-1.11.3.jar:/Users/senthilkumar.n/.m2/repository/io/cucumber/datatable/7.2.3/datatable-7.2.3.jar:/Users/senthilkumar.n/.m2/repository/io/cucumber/cucumber-testng/7.2.3/cucumber-testng-7.2.3.jar:/Users/senthilkumar.n/.m2/repository/org/testng/testng/7.4.0/testng-7.4.0.jar:/Users/senthilkumar.n/.m2/repository/org/webjars/jquery/3.5.1/jquery-3.5.1.jar:/Users/senthilkumar.n/.m2/repository/io/cucumber/cucumber-picocontainer/7.2.3/cucumber-picocontainer-7.2.3.jar:/Users/senthilkumar.n/.m2/repository/org/picocontainer/picocontainer/2.15/picocontainer-2.15.jar:/Users/senthilkumar.n/.m2/repository/net/masterthought/cucumber-reporting/5.7.0/cucumber-reporting-5.7.0.jar:/Users/senthilkumar.n/.m2/repository/com/fasterxml/jackson/datatype/jackson-datatype-jsr310/2.13.0/jackson-datatype-jsr310-2.13.0.jar:/Users/senthilkumar.n/.m2/repository/org/apache/velocity/velocity-engine-core/2.3/velocity-engine-core-2.3.jar:/Users/senthilkumar.n/.m2/repository/commons-collections/commons-collections/3.2.2/commons-collections-3.2.2.jar:/Users/senthilkumar.n/.m2/repository/org/codehaus/plexus/plexus-utils/3.3.0/plexus-utils-3.3.0.jar:/Users/senthilkumar.n/.m2/repository/com/googlecode/owasp-java-html-sanitizer/owasp-java-html-sanitizer/20211018.2/owasp-java-html-sanitizer-20211018.2.jar:/Users/senthilkumar.n/.m2/repository/commons-configuration/commons-configuration/1.10/commons-configuration-1.10.jar:/Users/senthilkumar.n/.m2/repository/commons-lang/commons-lang/2.6/commons-lang-2.6.jar:/Users/senthilkumar.n/.m2/repository/org/apache/logging/log4j/log4j-core/2.17.2/log4j-core-2.17.2.jar:/Users/senthilkumar.n/.m2/repository/org/apache/logging/log4j/log4j-api/2.17.2/log4j-api-2.17.2.jar:/Users/senthilkumar.n/.m2/repository/org/apache/maven/maven-plugin-api/3.8.4/maven-plugin-api-3.8.4.jar:/Users/senthilkumar.n/.m2/repository/org/apache/maven/maven-model/3.8.4/maven-model-3.8.4.jar:/Users/senthilkumar.n/.m2/repository/org/apache/maven/maven-artifact/3.8.4/maven-artifact-3.8.4.jar:/Users/senthilkumar.n/.m2/repository/org/eclipse/sisu/org.eclipse.sisu.plexus/0.3.5/org.eclipse.sisu.plexus-0.3.5.jar:/Users/senthilkumar.n/.m2/repository/javax/annotation/javax.annotation-api/1.2/javax.annotation-api-1.2.jar:/Users/senthilkumar.n/.m2/repository/org/eclipse/sisu/org.eclipse.sisu.inject/0.3.5/org.eclipse.sisu.inject-0.3.5.jar:/Users/senthilkumar.n/.m2/repository/org/codehaus/plexus/plexus-component-annotations/1.5.5/plexus-component-annotations-1.5.5.jar:/Users/senthilkumar.n/.m2/repository/org/codehaus/plexus/plexus-classworlds/2.6.0/plexus-classworlds-2.6.0.jar:/Users/senthilkumar.n/.m2/repository/org/apache/poi/poi/5.2.2/poi-5.2.2.jar:/Users/senthilkumar.n/.m2/repository/org/apache/commons/commons-collections4/4.4/commons-collections4-4.4.jar:/Users/senthilkumar.n/.m2/repository/org/apache/commons/commons-math3/3.6.1/commons-math3-3.6.1.jar:/Users/senthilkumar.n/.m2/repository/com/zaxxer/SparseBitSet/1.2/SparseBitSet-1.2.jar:/Users/senthilkumar.n/.m2/repository/org/apache/poi/poi-ooxml/5.2.2/poi-ooxml-5.2.2.jar:/Users/senthilkumar.n/.m2/repository/org/apache/poi/poi-ooxml-lite/5.2.2/poi-ooxml-lite-5.2.2.jar:/Users/senthilkumar.n/.m2/repository/org/apache/xmlbeans/xmlbeans/5.0.3/xmlbeans-5.0.3.jar:/Users/senthilkumar.n/.m2/repository/org/apache/commons/commons-compress/1.21/commons-compress-1.21.jar:/Users/senthilkumar.n/.m2/repository/com/github/virtuald/curvesapi/1.07/curvesapi-1.07.jar:/Users/senthilkumar.n/.m2/repository/com/jcraft/jsch/0.1.55/jsch-0.1.55.jar:/Users/senthilkumar.n/.m2/repository/com/legsem/legstar/legstar-base/2.0.4/legstar-base-2.0.4.jar:/Users/senthilkumar.n/.m2/repository/org/slf4j/slf4j-log4j12/1.7.2/slf4j-log4j12-1.7.2.jar:/Users/senthilkumar.n/.m2/repository/log4j/log4j/1.2.17/log4j-1.2.17.jar:/Users/senthilkumar.n/.m2/repository/com/legsem/legstar/legstar-coxbapi/1.5.8/legstar-coxbapi-1.5.8.jar:/Users/senthilkumar.n/.m2/repository/org/codehaus/jackson/jackson-xc/1.6.0/jackson-xc-1.6.0.jar:/Users/senthilkumar.n/.m2/repository/org/codehaus/jackson/jackson-core-asl/1.6.0/jackson-core-asl-1.6.0.jar:/Users/senthilkumar.n/.m2/repository/org/codehaus/jackson/jackson-mapper-asl/1.6.0/jackson-mapper-asl-1.6.0.jar:/Users/senthilkumar.n/.m2/repository/javax/xml/bind/jaxb-api/2.1/jaxb-api-2.1.jar:/Users/senthilkumar.n/.m2/repository/javax/xml/stream/stax-api/1.0-2/stax-api-1.0-2.jar:/Users/senthilkumar.n/.m2/repository/javax/activation/activation/1.1/activation-1.1.jar:/Users/senthilkumar.n/.m2/repository/com/legsem/legstar/legstar-coxbrt/1.5.8/legstar-coxbrt-1.5.8.jar:/Users/senthilkumar.n/.m2/repository/com/legsem/legstar/legstar-jaxbgen/1.6.0/legstar-jaxbgen-1.6.0.jar:/Users/senthilkumar.n/.m2/repository/com/legsem/legstar/legstar-codegen/1.6.0/legstar-codegen-1.6.0.jar:/Users/senthilkumar.n/.m2/repository/org/apache/velocity/velocity/1.6.3/velocity-1.6.3.jar:/Users/senthilkumar.n/.m2/repository/oro/oro/2.0.8/oro-2.0.8.jar:/Users/senthilkumar.n/.m2/repository/com/sun/xml/bind/jaxb-xjc/2.1.7/jaxb-xjc-2.1.7.jar:/Users/senthilkumar.n/.m2/repository/com/sun/xml/bind/jaxb-impl/2.1.7/jaxb-impl-2.1.7.jar:/Users/senthilkumar.n/.m2/repository/org/apache/ws/commons/schema/XmlSchema/1.4.7/XmlSchema-1.4.7.jar:/Users/senthilkumar.n/.m2/repository/org/projectlombok/lombok/1.18.22/lombok-1.18.22.jar:/Users/senthilkumar.n/.m2/repository/com/opencsv/opencsv/4.1/opencsv-4.1.jar:/Users/senthilkumar.n/.m2/repository/org/apache/commons/commons-text/1.1/commons-text-1.1.jar:/Users/senthilkumar.n/.m2/repository/commons-beanutils/commons-beanutils/1.9.3/commons-beanutils-1.9.3.jar:/Users/senthilkumar.n/.m2/repository/org/springframework/spring-core/5.2.4.RELEASE/spring-core-5.2.4.RELEASE.jar:/Users/senthilkumar.n/.m2/repository/org/springframework/spring-jcl/5.2.4.RELEASE/spring-jcl-5.2.4.RELEASE.jar:/Users/senthilkumar.n/.m2/repository/com/amazonaws/aws-java-sdk-dynamodb/1.11.106/aws-java-sdk-dynamodb-1.11.106.jar:"/>
    <property name="sun.cpu.endian" value="little"/>
    <property name="user.home" value="/Users/senthilkumar.n"/>
    <property name="user.language" value="en"/>
    <property name="java.specification.vendor" value="Oracle Corporation"/>
    <property name="java.version.date" value="2022-01-18"/>
    <property name="java.home" value="/Library/Java/JavaVirtualMachines/jdk-17.0.2.jdk/Contents/Home"/>
    <property name="file.separator" value="/"/>
    <property name="basedir" value="/Users/senthilkumar.n/Documents/workspace/cucumber-bdd-testscript"/>
    <property name="java.vm.compressedOopsMode" value="Zero based"/>
    <property name="line.separator" value="&#10;"/>
    <property name="java.vm.specification.vendor" value="Oracle Corporation"/>
    <property name="java.specification.name" value="Java Platform API Specification"/>
    <property name="surefire.real.class.path" value="/Users/senthilkumar.n/Documents/workspace/cucumber-bdd-testscript/target/surefire/surefirebooter14374994427294847451.jar"/>
    <property name="sun.management.compiler" value="HotSpot 64-Bit Tiered Compilers"/>
    <property name="java.runtime.version" value="17.0.2+8-LTS-86"/>
    <property name="user.name" value="senthilkumar.n"/>
    <property name="path.separator" value=":"/>
    <property name="os.version" value="11.6"/>
    <property name="java.runtime.name" value="Java(TM) SE Runtime Environment"/>
    <property name="file.encoding" value="UTF-8"/>
    <property name="java.vm.name" value="Java HotSpot(TM) 64-Bit Server VM"/>
    <property name="localRepository" value="/Users/senthilkumar.n/.m2/repository"/>
    <property name="java.vendor.url.bug" value="https://bugreport.java.com/bugreport/"/>
    <property name="java.io.tmpdir" value="/var/folders/8z/8xft2tcn2bvd9h6x17p_6db93x3nv8/T/"/>
    <property name="java.version" value="17.0.2"/>
    <property name="user.dir" value="/Users/senthilkumar.n/Documents/workspace/cucumber-bdd-testscript"/>
    <property name="os.arch" value="x86_64"/>
    <property name="java.vm.specification.name" value="Java Virtual Machine Specification"/>
    <property name="native.encoding" value="UTF-8"/>
    <property name="java.library.path" value="/Users/senthilkumar.n/Library/Java/Extensions:/Library/Java/Extensions:/Network/Library/Java/Extensions:/System/Library/Java/Extensions:/usr/lib/java:."/>
    <property name="java.vm.info" value="mixed mode, sharing"/>
    <property name="java.vendor" value="Oracle Corporation"/>
    <property name="java.vm.version" value="17.0.2+8-LTS-86"/>
    <property name="sun.io.unicode.encoding" value="UnicodeBig"/>
    <property name="java.class.version" value="61.0"/>
  </properties>
</testsuite>